<?xml version="1.0" encoding="UTF-8"?>
<testng-results ignored="0" total="16" passed="16" failed="0" skipped="0">
  <reporter-output>
  </reporter-output>
  <suite started-at="2024-01-29T17:19:28 IST" name="MovieAppTest" finished-at="2024-01-29T17:23:52 IST" duration-ms="263953">
    <groups>
    </groups>
    <test started-at="2024-01-29T17:19:28 IST" name="MovieAppTest" finished-at="2024-01-29T17:23:52 IST" duration-ms="263953">
      <class name="movieDetails">
        <test-method is-config="true" signature="beforeMethod()[pri:0, instance:movieDetails@7a4ccb53]" started-at="2024-01-29T17:20:42 IST" name="beforeMethod" finished-at="2024-01-29T17:20:59 IST" duration-ms="16433" status="PASS">
          <reporter-output>
          </reporter-output>
        </test-method> <!-- beforeMethod -->
        <test-method signature="TestMovieDetailsPageOnHome()[pri:1, instance:movieDetails@7a4ccb53]" started-at="2024-01-29T17:20:59 IST" name="TestMovieDetailsPageOnHome" finished-at="2024-01-29T17:21:01 IST" duration-ms="1819" status="PASS">
          <reporter-output>
          </reporter-output>
        </test-method> <!-- TestMovieDetailsPageOnHome -->
        <test-method is-config="true" signature="afterMethod()[pri:0, instance:movieDetails@7a4ccb53]" started-at="2024-01-29T17:21:01 IST" name="afterMethod" finished-at="2024-01-29T17:21:01 IST" duration-ms="122" status="PASS">
          <reporter-output>
          </reporter-output>
        </test-method> <!-- afterMethod -->
        <test-method is-config="true" signature="beforeMethod()[pri:0, instance:movieDetails@7a4ccb53]" started-at="2024-01-29T17:21:53 IST" name="beforeMethod" finished-at="2024-01-29T17:22:09 IST" duration-ms="16489" status="PASS">
          <reporter-output>
          </reporter-output>
        </test-method> <!-- beforeMethod -->
        <test-method signature="TestMovieDetailsPageOnPopular()[pri:2, instance:movieDetails@7a4ccb53]" started-at="2024-01-29T17:22:09 IST" name="TestMovieDetailsPageOnPopular" finished-at="2024-01-29T17:22:11 IST" duration-ms="1940" status="PASS">
          <reporter-output>
          </reporter-output>
        </test-method> <!-- TestMovieDetailsPageOnPopular -->
        <test-method is-config="true" signature="afterMethod()[pri:0, instance:movieDetails@7a4ccb53]" started-at="2024-01-29T17:22:11 IST" name="afterMethod" finished-at="2024-01-29T17:22:11 IST" duration-ms="127" status="PASS">
          <reporter-output>
          </reporter-output>
        </test-method> <!-- afterMethod -->
      </class> <!-- movieDetails -->
      <class name="searchPage">
        <test-method is-config="true" signature="beforeMethod()[pri:0, instance:searchPage@18ce0030]" started-at="2024-01-29T17:19:48 IST" name="beforeMethod" finished-at="2024-01-29T17:20:04 IST" duration-ms="16478" status="PASS">
          <reporter-output>
          </reporter-output>
        </test-method> <!-- beforeMethod -->
        <test-method signature="TestSearchFunctionality()[pri:0, instance:searchPage@18ce0030]" started-at="2024-01-29T17:20:04 IST" name="TestSearchFunctionality" finished-at="2024-01-29T17:20:06 IST" duration-ms="1520" status="PASS">
          <reporter-output>
          </reporter-output>
        </test-method> <!-- TestSearchFunctionality -->
        <test-method is-config="true" signature="afterMethod()[pri:0, instance:searchPage@18ce0030]" started-at="2024-01-29T17:20:06 IST" name="afterMethod" finished-at="2024-01-29T17:20:06 IST" duration-ms="145" status="PASS">
          <reporter-output>
          </reporter-output>
        </test-method> <!-- afterMethod -->
      </class> <!-- searchPage -->
      <class name="AccountPage">
        <test-method is-config="true" signature="beforeMethod()[pri:0, instance:AccountPage@56a6d5a6]" started-at="2024-01-29T17:20:06 IST" name="beforeMethod" finished-at="2024-01-29T17:20:23 IST" duration-ms="16508" status="PASS">
          <reporter-output>
          </reporter-output>
        </test-method> <!-- beforeMethod -->
        <test-method signature="TestAccountPageUI()[pri:1, instance:AccountPage@56a6d5a6]" started-at="2024-01-29T17:20:23 IST" name="TestAccountPageUI" finished-at="2024-01-29T17:20:23 IST" duration-ms="120" status="PASS">
          <reporter-output>
          </reporter-output>
        </test-method> <!-- TestAccountPageUI -->
        <test-method is-config="true" signature="afterMethod()[pri:0, instance:AccountPage@56a6d5a6]" started-at="2024-01-29T17:20:23 IST" name="afterMethod" finished-at="2024-01-29T17:20:23 IST" duration-ms="165" status="PASS">
          <reporter-output>
          </reporter-output>
        </test-method> <!-- afterMethod -->
        <test-method is-config="true" signature="beforeMethod()[pri:0, instance:AccountPage@56a6d5a6]" started-at="2024-01-29T17:21:35 IST" name="beforeMethod" finished-at="2024-01-29T17:21:52 IST" duration-ms="17002" status="PASS">
          <reporter-output>
          </reporter-output>
        </test-method> <!-- beforeMethod -->
        <test-method signature="LogoutFunctionality()[pri:2, instance:AccountPage@56a6d5a6]" started-at="2024-01-29T17:21:52 IST" name="LogoutFunctionality" finished-at="2024-01-29T17:21:53 IST" duration-ms="79" status="PASS">
          <reporter-output>
          </reporter-output>
        </test-method> <!-- LogoutFunctionality -->
        <test-method is-config="true" signature="afterMethod()[pri:0, instance:AccountPage@56a6d5a6]" started-at="2024-01-29T17:21:53 IST" name="afterMethod" finished-at="2024-01-29T17:21:53 IST" duration-ms="159" status="PASS">
          <reporter-output>
          </reporter-output>
        </test-method> <!-- afterMethod -->
      </class> <!-- AccountPage -->
      <class name="PopularPage">
        <test-method is-config="true" signature="beforeMethod()[pri:0, instance:PopularPage@309e345f]" started-at="2024-01-29T17:19:28 IST" name="beforeMethod" finished-at="2024-01-29T17:19:46 IST" duration-ms="17505" status="PASS">
          <reporter-output>
          </reporter-output>
        </test-method> <!-- beforeMethod -->
        <test-method signature="TestPopularPageUI()[pri:0, instance:PopularPage@309e345f]" started-at="2024-01-29T17:19:46 IST" name="TestPopularPageUI" finished-at="2024-01-29T17:19:48 IST" duration-ms="2111" status="PASS">
          <reporter-output>
          </reporter-output>
        </test-method> <!-- TestPopularPageUI -->
        <test-method is-config="true" signature="afterMethod()[pri:0, instance:PopularPage@309e345f]" started-at="2024-01-29T17:19:48 IST" name="afterMethod" finished-at="2024-01-29T17:19:48 IST" duration-ms="139" status="PASS">
          <reporter-output>
          </reporter-output>
        </test-method> <!-- afterMethod -->
      </class> <!-- PopularPage -->
      <class name="LoginPageTest">
        <test-method is-config="true" signature="beforeMethod()[pri:0, instance:LoginPageTest@6a01e23]" started-at="2024-01-29T17:20:40 IST" name="beforeMethod" finished-at="2024-01-29T17:20:42 IST" duration-ms="1943" status="PASS">
          <reporter-output>
          </reporter-output>
        </test-method> <!-- beforeMethod -->
        <test-method signature="TestLoginPageUI()[pri:1, instance:LoginPageTest@6a01e23]" started-at="2024-01-29T17:20:42 IST" name="TestLoginPageUI" finished-at="2024-01-29T17:20:42 IST" duration-ms="95" status="PASS">
          <reporter-output>
          </reporter-output>
        </test-method> <!-- TestLoginPageUI -->
        <test-method is-config="true" signature="afterMethod()[pri:0, instance:LoginPageTest@6a01e23]" started-at="2024-01-29T17:20:42 IST" name="afterMethod" finished-at="2024-01-29T17:20:42 IST" duration-ms="148" status="PASS">
          <reporter-output>
          </reporter-output>
        </test-method> <!-- afterMethod -->
        <test-method is-config="true" signature="beforeMethod()[pri:0, instance:LoginPageTest@6a01e23]" started-at="2024-01-29T17:22:29 IST" name="beforeMethod" finished-at="2024-01-29T17:22:30 IST" duration-ms="1789" status="PASS">
          <reporter-output>
          </reporter-output>
        </test-method> <!-- beforeMethod -->
        <test-method signature="testLoginWithEmptyInputs()[pri:2, instance:LoginPageTest@6a01e23]" started-at="2024-01-29T17:22:30 IST" name="testLoginWithEmptyInputs" finished-at="2024-01-29T17:22:45 IST" duration-ms="14745" status="PASS">
          <reporter-output>
          </reporter-output>
        </test-method> <!-- testLoginWithEmptyInputs -->
        <test-method is-config="true" signature="afterMethod()[pri:0, instance:LoginPageTest@6a01e23]" started-at="2024-01-29T17:22:45 IST" name="afterMethod" finished-at="2024-01-29T17:22:45 IST" duration-ms="126" status="PASS">
          <reporter-output>
          </reporter-output>
        </test-method> <!-- afterMethod -->
        <test-method is-config="true" signature="beforeMethod()[pri:0, instance:LoginPageTest@6a01e23]" started-at="2024-01-29T17:22:45 IST" name="beforeMethod" finished-at="2024-01-29T17:22:47 IST" duration-ms="1806" status="PASS">
          <reporter-output>
          </reporter-output>
        </test-method> <!-- beforeMethod -->
        <test-method signature="testLoginWithEmptyUsername()[pri:3, instance:LoginPageTest@6a01e23]" started-at="2024-01-29T17:22:47 IST" name="testLoginWithEmptyUsername" finished-at="2024-01-29T17:23:02 IST" duration-ms="14822" status="PASS">
          <reporter-output>
          </reporter-output>
        </test-method> <!-- testLoginWithEmptyUsername -->
        <test-method is-config="true" signature="afterMethod()[pri:0, instance:LoginPageTest@6a01e23]" started-at="2024-01-29T17:23:02 IST" name="afterMethod" finished-at="2024-01-29T17:23:02 IST" duration-ms="159" status="PASS">
          <reporter-output>
          </reporter-output>
        </test-method> <!-- afterMethod -->
        <test-method is-config="true" signature="beforeMethod()[pri:0, instance:LoginPageTest@6a01e23]" started-at="2024-01-29T17:23:02 IST" name="beforeMethod" finished-at="2024-01-29T17:23:04 IST" duration-ms="1790" status="PASS">
          <reporter-output>
          </reporter-output>
        </test-method> <!-- beforeMethod -->
        <test-method signature="testLoginWithEmptyPassword()[pri:4, instance:LoginPageTest@6a01e23]" started-at="2024-01-29T17:23:04 IST" name="testLoginWithEmptyPassword" finished-at="2024-01-29T17:23:19 IST" duration-ms="14781" status="PASS">
          <reporter-output>
          </reporter-output>
        </test-method> <!-- testLoginWithEmptyPassword -->
        <test-method is-config="true" signature="afterMethod()[pri:0, instance:LoginPageTest@6a01e23]" started-at="2024-01-29T17:23:19 IST" name="afterMethod" finished-at="2024-01-29T17:23:19 IST" duration-ms="189" status="PASS">
          <reporter-output>
          </reporter-output>
        </test-method> <!-- afterMethod -->
        <test-method is-config="true" signature="beforeMethod()[pri:0, instance:LoginPageTest@6a01e23]" started-at="2024-01-29T17:23:19 IST" name="beforeMethod" finished-at="2024-01-29T17:23:21 IST" duration-ms="1792" status="PASS">
          <reporter-output>
          </reporter-output>
        </test-method> <!-- beforeMethod -->
        <test-method signature="testLoginWithInvalidCreds()[pri:5, instance:LoginPageTest@6a01e23]" started-at="2024-01-29T17:23:21 IST" name="testLoginWithInvalidCreds" finished-at="2024-01-29T17:23:35 IST" duration-ms="14797" status="PASS">
          <reporter-output>
          </reporter-output>
        </test-method> <!-- testLoginWithInvalidCreds -->
        <test-method is-config="true" signature="afterMethod()[pri:0, instance:LoginPageTest@6a01e23]" started-at="2024-01-29T17:23:35 IST" name="afterMethod" finished-at="2024-01-29T17:23:36 IST" duration-ms="138" status="PASS">
          <reporter-output>
          </reporter-output>
        </test-method> <!-- afterMethod -->
        <test-method is-config="true" signature="beforeMethod()[pri:0, instance:LoginPageTest@6a01e23]" started-at="2024-01-29T17:23:36 IST" name="beforeMethod" finished-at="2024-01-29T17:23:37 IST" duration-ms="1730" status="PASS">
          <reporter-output>
          </reporter-output>
        </test-method> <!-- beforeMethod -->
        <test-method signature="testLoginWithValidCreds()[pri:6, instance:LoginPageTest@6a01e23]" started-at="2024-01-29T17:23:37 IST" name="testLoginWithValidCreds" finished-at="2024-01-29T17:23:52 IST" duration-ms="14710" status="PASS">
          <reporter-output>
          </reporter-output>
        </test-method> <!-- testLoginWithValidCreds -->
        <test-method is-config="true" signature="afterMethod()[pri:0, instance:LoginPageTest@6a01e23]" started-at="2024-01-29T17:23:52 IST" name="afterMethod" finished-at="2024-01-29T17:23:52 IST" duration-ms="145" status="PASS">
          <reporter-output>
          </reporter-output>
        </test-method> <!-- afterMethod -->
      </class> <!-- LoginPageTest -->
      <class name="HomePageTest">
        <test-method is-config="true" signature="beforeMethod()[pri:0, instance:HomePageTest@33afa13b]" started-at="2024-01-29T17:20:23 IST" name="beforeMethod" finished-at="2024-01-29T17:20:40 IST" duration-ms="17066" status="PASS">
          <reporter-output>
          </reporter-output>
        </test-method> <!-- beforeMethod -->
        <test-method signature="TestHomePage()[pri:1, instance:HomePageTest@33afa13b]" started-at="2024-01-29T17:20:40 IST" name="TestHomePage" finished-at="2024-01-29T17:20:40 IST" duration-ms="190" status="PASS">
          <reporter-output>
          </reporter-output>
        </test-method> <!-- TestHomePage -->
        <test-method is-config="true" signature="afterMethod()[pri:0, instance:HomePageTest@33afa13b]" started-at="2024-01-29T17:20:40 IST" name="afterMethod" finished-at="2024-01-29T17:20:40 IST" duration-ms="168" status="PASS">
          <reporter-output>
          </reporter-output>
        </test-method> <!-- afterMethod -->
        <test-method is-config="true" signature="beforeMethod()[pri:0, instance:HomePageTest@33afa13b]" started-at="2024-01-29T17:21:19 IST" name="beforeMethod" finished-at="2024-01-29T17:21:35 IST" duration-ms="16457" status="PASS">
          <reporter-output>
          </reporter-output>
        </test-method> <!-- beforeMethod -->
        <test-method signature="ContactUsSection()[pri:2, instance:HomePageTest@33afa13b]" started-at="2024-01-29T17:21:35 IST" name="ContactUsSection" finished-at="2024-01-29T17:21:35 IST" duration-ms="118" status="PASS">
          <reporter-output>
          </reporter-output>
        </test-method> <!-- ContactUsSection -->
        <test-method is-config="true" signature="afterMethod()[pri:0, instance:HomePageTest@33afa13b]" started-at="2024-01-29T17:21:35 IST" name="afterMethod" finished-at="2024-01-29T17:21:35 IST" duration-ms="154" status="PASS">
          <reporter-output>
          </reporter-output>
        </test-method> <!-- afterMethod -->
      </class> <!-- HomePageTest -->
      <class name="HeaderSection">
        <test-method is-config="true" signature="beforeMethod()[pri:0, instance:HeaderSection@47542153]" started-at="2024-01-29T17:21:01 IST" name="beforeMethod" finished-at="2024-01-29T17:21:17 IST" duration-ms="16523" status="PASS">
          <reporter-output>
          </reporter-output>
        </test-method> <!-- beforeMethod -->
        <test-method signature="testHeader()[pri:1, instance:HeaderSection@47542153]" started-at="2024-01-29T17:21:17 IST" name="testHeader" finished-at="2024-01-29T17:21:19 IST" duration-ms="1158" status="PASS">
          <reporter-output>
          </reporter-output>
        </test-method> <!-- testHeader -->
        <test-method is-config="true" signature="afterMethod()[pri:0, instance:HeaderSection@47542153]" started-at="2024-01-29T17:21:19 IST" name="afterMethod" finished-at="2024-01-29T17:21:19 IST" duration-ms="184" status="PASS">
          <reporter-output>
          </reporter-output>
        </test-method> <!-- afterMethod -->
        <test-method is-config="true" signature="beforeMethod()[pri:0, instance:HeaderSection@47542153]" started-at="2024-01-29T17:22:11 IST" name="beforeMethod" finished-at="2024-01-29T17:22:28 IST" duration-ms="16365" status="PASS">
          <reporter-output>
          </reporter-output>
        </test-method> <!-- beforeMethod -->
        <test-method signature="testHeaderSectionFunctionalities()[pri:2, instance:HeaderSection@47542153]" started-at="2024-01-29T17:22:28 IST" name="testHeaderSectionFunctionalities" finished-at="2024-01-29T17:22:28 IST" duration-ms="777" status="PASS">
          <reporter-output>
          </reporter-output>
        </test-method> <!-- testHeaderSectionFunctionalities -->
        <test-method is-config="true" signature="afterMethod()[pri:0, instance:HeaderSection@47542153]" started-at="2024-01-29T17:22:28 IST" name="afterMethod" finished-at="2024-01-29T17:22:29 IST" duration-ms="161" status="PASS">
          <reporter-output>
          </reporter-output>
        </test-method> <!-- afterMethod -->
      </class> <!-- HeaderSection -->
    </test> <!-- MovieAppTest -->
  </suite> <!-- MovieAppTest -->
</testng-results>
