<?xml version="1.0" encoding="UTF-8"?>
<!-- Generated by org.testng.reporters.JUnitXMLReporter -->
<testsuite ignored="0" hostname="LAPTOP-9QTMGDJ4" failures="0" tests="16" name="MovieAppTest" time="263.953" errors="0" timestamp="2024-01-29T17:23:52 IST">
  <testcase classname="PopularPage" name="TestPopularPageUI" time="2.111"/>
  <testcase classname="searchPage" name="TestSearchFunctionality" time="1.52"/>
  <testcase classname="AccountPage" name="TestAccountPageUI" time="0.12"/>
  <testcase classname="HomePageTest" name="TestHomePage" time="0.19"/>
  <testcase classname="LoginPageTest" name="TestLoginPageUI" time="0.095"/>
  <testcase classname="movieDetails" name="TestMovieDetailsPageOnHome" time="1.819"/>
  <testcase classname="HeaderSection" name="testHeader" time="1.158"/>
  <testcase classname="HomePageTest" name="ContactUsSection" time="0.118"/>
  <testcase classname="AccountPage" name="LogoutFunctionality" time="0.079"/>
  <testcase classname="movieDetails" name="TestMovieDetailsPageOnPopular" time="1.94"/>
  <testcase classname="HeaderSection" name="testHeaderSectionFunctionalities" time="0.777"/>
  <testcase classname="LoginPageTest" name="testLoginWithEmptyInputs" time="14.745"/>
  <testcase classname="LoginPageTest" name="testLoginWithEmptyUsername" time="14.822"/>
  <testcase classname="LoginPageTest" name="testLoginWithEmptyPassword" time="14.781"/>
  <testcase classname="LoginPageTest" name="testLoginWithInvalidCreds" time="14.797"/>
  <testcase classname="LoginPageTest" name="testLoginWithValidCreds" time="14.71"/>
</testsuite> <!-- MovieAppTest -->
